2024.01.15 15:54:53 INFO  Started: Metals version 1.2.0 in folders '/Users/maxon462/Desktop/Paradygmaty/lab4/Scala' for client Visual Studio Code 1.83.0.
2024.01.15 15:54:54 INFO  Attempting to connect to the build server...
2024.01.15 15:54:54 INFO  Bloop uses /Library/Java/JavaVirtualMachines/temurin-17.jdk/Contents/Home defined at /Users/maxon462/.bloop/bloop.json
2024.01.15 15:54:55 INFO  tracing is disabled for protocol BSP, to enable tracing of incoming and outgoing JSON messages create an empty file at /Users/maxon462/Desktop/Paradygmaty/lab4/Scala/.metals/bsp.trace.json or /Users/maxon462/Library/Caches/org.scalameta.metals/bsp.trace.json
2024.01.15 15:54:55 INFO  time: Connected to build server in 0.96s
2024.01.15 15:54:55 INFO  Connected to Build server: Bloop v1.5.13
2024.01.15 15:55:02 INFO  no build target found for /Users/maxon462/Desktop/Paradygmaty/lab4/Scala/helloscala/src/main/scala/hello.worksheet.sc. Using presentation compiler with project's scala-library version: 3.3.1
2024.01.15 15:55:07 INFO  time: indexed workspace in 5.4s
2024.01.15 15:55:07 WARN  no build target for: /Users/maxon462/Desktop/Paradygmaty/lab4/Scala/helloscala/src/main/scala/hello.worksheet.sc
2024.01.15 15:55:19 INFO  time: evaluated worksheet 'hello.worksheet.sc' in 11s
2024.01.15 15:55:19 WARN  no build target for: /Users/maxon462/Desktop/Paradygmaty/lab4/Scala/helloscala/src/main/scala/hello.worksheet.sc
2024.01.15 15:55:24 INFO  time: evaluated worksheet 'hello.worksheet.sc' in 4.46s
2024.01.15 15:55:24 INFO  no build target found for /Users/maxon462/Desktop/Paradygmaty/lab4/Scala/helloscala/src/main/scala/hello.worksheet.sc. Using presentation compiler with project's scala-library version: 3.3.1
2024.01.15 15:55:25 INFO  time: code lens generation in 6.06s
2024.01.15 15:55:25 INFO  time: code lens generation in 6.07s
2024.01.15 23:32:58 INFO  Shutting down server
2024.01.15 23:32:58 INFO  shutting down Metals
2024.01.15 23:32:58 INFO  Shut down connection with build server.
2024.01.15 23:32:58 INFO  Exiting server
2024.01.15 23:32:58 ERROR Unexpected error initializing server: 
org.eclipse.lsp4j.jsonrpc.ResponseErrorException: Request window/showMessageRequest failed with message: Canceled
	at org.eclipse.lsp4j.jsonrpc.RemoteEndpoint.handleResponse(RemoteEndpoint.java:209)
	at org.eclipse.lsp4j.jsonrpc.RemoteEndpoint.consume(RemoteEndpoint.java:193)
	at org.eclipse.lsp4j.jsonrpc.json.StreamMessageProducer.handleMessage(StreamMessageProducer.java:194)
	at org.eclipse.lsp4j.jsonrpc.json.StreamMessageProducer.listen(StreamMessageProducer.java:94)
	at org.eclipse.lsp4j.jsonrpc.json.ConcurrentMessageProcessor.run(ConcurrentMessageProcessor.java:113)
	at java.util.concurrent.Executors$RunnableAdapter.call(Executors.java:539)
	at java.util.concurrent.FutureTask.run(FutureTask.java:264)
	at java.util.concurrent.ThreadPoolExecutor.runWorker(ThreadPoolExecutor.java:1136)
	at java.util.concurrent.ThreadPoolExecutor$Worker.run(ThreadPoolExecutor.java:635)
	at java.lang.Thread.run(Thread.java:833)

