2024.01.01 18:54:25 INFO  Started: Metals version 1.2.0 in folders '/Users/maxon462/Desktop/Paradygmaty/lab6' for client Visual Studio Code 1.83.0.
2024.01.01 18:54:27 WARN  Build server is not auto-connectable.
2024.01.01 18:54:27 WARN  no build tool detected in workspace '/Users/maxon462/Desktop/Paradygmaty/lab6'. The most common cause for this problem is that the editor was opened in the wrong working directory, for example if you use sbt then the workspace directory should contain build.sbt. 
2024.01.01 18:54:27 WARN  no build target for: /Users/maxon462/Desktop/Paradygmaty/lab6/Scala/helloscala/src/main/scala/hello.worksheet.sc
2024.01.01 18:54:37 INFO  no build target found for /Users/maxon462/Desktop/Paradygmaty/lab6/Scala/helloscala/src/main/scala/hello.worksheet.sc. Using presentation compiler with project's scala-library version: 3.3.1
2024.01.01 18:54:42 INFO  time: evaluated worksheet 'hello.worksheet.sc' in 15s
2024.01.01 18:54:43 INFO  time: code lens generation in 16s
2024.01.01 18:54:43 INFO  time: code lens generation in 5.68s
2024.01.01 18:54:47 INFO  no build target found for /Users/maxon462/Desktop/Paradygmaty/lab6/Scala/helloscala/src/main/scala/hello.worksheet.sc. Using presentation compiler with project's scala-library version: 3.3.1
2024.01.05 20:59:23 INFO  Shutting down server
2024.01.05 20:59:23 INFO  shutting down Metals
2024.01.05 20:59:23 INFO  Exiting server
2024.01.06 14:54:29 INFO  Started: Metals version 1.2.0 in folders '/Users/maxon462/Desktop/Paradygmaty/lab6' for client Visual Studio Code 1.83.0.
2024.01.06 14:54:30 WARN  Build server is not auto-connectable.
2024.01.06 14:54:30 WARN  no build tool detected in workspace '/Users/maxon462/Desktop/Paradygmaty/lab6'. The most common cause for this problem is that the editor was opened in the wrong working directory, for example if you use sbt then the workspace directory should contain build.sbt. 
2024.01.06 14:54:30 WARN  no build target for: /Users/maxon462/Desktop/Paradygmaty/lab6/Scala/helloscala/src/main/scala/hello.worksheet.sc
2024.01.06 14:54:43 INFO  no build target found for /Users/maxon462/Desktop/Paradygmaty/lab6/Scala/helloscala/src/main/scala/hello.worksheet.sc. Using presentation compiler with project's scala-library version: 3.3.1
2024.01.06 14:54:44 INFO  time: evaluated worksheet 'hello.worksheet.sc' in 13s
2024.01.06 14:54:46 INFO  time: code lens generation in 15s
2024.01.06 14:54:51 WARN  no build target for: /Users/maxon462/Desktop/Paradygmaty/lab6/Scala/helloscala/src/main/scala/hello.worksheet.sc
2024.01.06 14:54:52 INFO  no build target found for /Users/maxon462/Desktop/Paradygmaty/lab6/Scala/helloscala/src/main/scala/hello.worksheet.sc. Using presentation compiler with project's scala-library version: 3.3.1
2024.01.06 14:54:55 INFO  time: evaluated worksheet 'hello.worksheet.sc' in 4.33s
2024.01.06 14:54:59 WARN  no build target for: /Users/maxon462/Desktop/Paradygmaty/lab6/Scala/helloscala/src/main/scala/hello.worksheet.sc
2024.01.06 14:55:01 INFO  time: evaluated worksheet 'hello.worksheet.sc' in 1.88s
2024.01.06 14:55:37 WARN  no build target for: /Users/maxon462/Desktop/Paradygmaty/lab6/Scala/helloscala/src/main/scala/hello.worksheet.sc
2024.01.06 14:55:39 WARN  no build target for: /Users/maxon462/Desktop/Paradygmaty/lab6/Scala/helloscala/src/main/scala/hello.worksheet.sc
2024.01.06 14:55:40 INFO  time: evaluated worksheet 'hello.worksheet.sc' in 2.91s
[31merror[39m: Scala/helloscala/src/main/scala/hello.worksheet.sc:5:5: illegal start of simple expression
    else fib(n - 1) + fib(n - 2)
    ^^^^
2024.01.06 14:55:41 WARN  no build target for: /Users/maxon462/Desktop/Paradygmaty/lab6/Scala/helloscala/src/main/scala/hello.worksheet.sc
2024.01.06 14:55:42 WARN  no build target for: /Users/maxon462/Desktop/Paradygmaty/lab6/Scala/helloscala/src/main/scala/hello.worksheet.sc
2024.01.06 14:55:42 INFO  time: evaluated worksheet 'hello.worksheet.sc' in 2.13s
[31merror[39m: Scala/helloscala/src/main/scala/hello.worksheet.sc:5:5: ; expected but else found
    else fib(n - 1) + fib(n - 2)
    ^^^^
2024.01.06 14:55:43 INFO  time: evaluated worksheet 'hello.worksheet.sc' in 1.28s
[31merror[39m: Scala/helloscala/src/main/scala/hello.worksheet.sc:5:5: ; expected but else found
    else fib(n - 1) + fib(n - 2)
    ^^^^
2024.01.06 14:55:44 WARN  no build target for: /Users/maxon462/Desktop/Paradygmaty/lab6/Scala/helloscala/src/main/scala/hello.worksheet.sc
2024.01.06 14:55:45 INFO  time: evaluated worksheet 'hello.worksheet.sc' in 1.19s
[31merror[39m: Scala/helloscala/src/main/scala/hello.worksheet.sc:5:5: ; expected but else found
    else fib(n - 1) + fib(n - 2)
    ^^^^
2024.01.06 14:55:46 INFO  time: evaluated worksheet 'hello.worksheet.sc' in 1.2s
2024.01.06 14:55:46 INFO  time: code lens generation in 2.6s
2024.01.06 14:55:46 INFO  time: code lens generation in 1.29s
2024.01.06 14:55:46 INFO  time: code lens generation in 6.56s
2024.01.06 14:55:46 INFO  time: code lens generation in 5.33s
2024.01.06 14:55:46 WARN  no build target for: /Users/maxon462/Desktop/Paradygmaty/lab6/Scala/helloscala/src/main/scala/hello.worksheet.sc
[31merror[39m: Scala/helloscala/src/main/scala/hello.worksheet.sc:5:5: ; expected but else found
    else fib(n - 1) + fib(n - 2)
    ^^^^
2024.01.06 14:55:47 INFO  time: evaluated worksheet 'hello.worksheet.sc' in 0.77s
2024.01.06 14:55:48 WARN  no build target for: /Users/maxon462/Desktop/Paradygmaty/lab6/Scala/helloscala/src/main/scala/hello.worksheet.sc
[31merror[39m: Scala/helloscala/src/main/scala/hello.worksheet.sc:4:19: ; expected but integer constant found
    else (n == 1) 1
                  ^
2024.01.06 14:55:48 INFO  time: evaluated worksheet 'hello.worksheet.sc' in 0.56s
2024.01.06 14:55:56 WARN  no build target for: /Users/maxon462/Desktop/Paradygmaty/lab6/Scala/helloscala/src/main/scala/hello.worksheet.sc
2024.01.06 14:55:57 INFO  time: evaluated worksheet 'hello.worksheet.sc' in 1.35s
2024.01.06 14:56:15 WARN  no build target for: /Users/maxon462/Desktop/Paradygmaty/lab6/Scala/helloscala/src/main/scala/hello.worksheet.sc
2024.01.06 14:56:16 INFO  time: evaluated worksheet 'hello.worksheet.sc' in 0.92s
2024.01.06 14:57:02 WARN  no build target for: /Users/maxon462/Desktop/Paradygmaty/lab6/Scala/helloscala/src/main/scala/hello.worksheet.sc
2024.01.06 14:57:03 INFO  time: evaluated worksheet 'hello.worksheet.sc' in 1.35s
2024.01.06 14:57:11 WARN  no build target for: /Users/maxon462/Desktop/Paradygmaty/lab6/Scala/helloscala/src/main/scala/hello.worksheet.sc
[31merror[39m: Scala/helloscala/src/main/scala/hello.worksheet.sc:26:13: 
Not found: fi
val terst = fi
            ^^
2024.01.06 14:57:12 INFO  time: evaluated worksheet 'hello.worksheet.sc' in 0.6s
2024.01.06 14:57:15 WARN  no build target for: /Users/maxon462/Desktop/Paradygmaty/lab6/Scala/helloscala/src/main/scala/hello.worksheet.sc
2024.01.06 14:57:16 WARN  no build target for: /Users/maxon462/Desktop/Paradygmaty/lab6/Scala/helloscala/src/main/scala/hello.worksheet.sc
[31merror[39m: Scala/helloscala/src/main/scala/hello.worksheet.sc:26:13: 
missing argument for parameter n of method fib in class MdocApp: (n: Int): Int
val terst = fib()
            ^^^^^
2024.01.06 14:57:17 INFO  time: evaluated worksheet 'hello.worksheet.sc' in 1.14s
2024.01.06 14:57:17 INFO  time: evaluated worksheet 'hello.worksheet.sc' in 0.88s
2024.01.06 14:57:23 WARN  no build target for: /Users/maxon462/Desktop/Paradygmaty/lab6/Scala/helloscala/src/main/scala/hello.worksheet.sc
2024.01.06 14:57:24 INFO  time: evaluated worksheet 'hello.worksheet.sc' in 1.1s
2024.01.06 14:57:29 WARN  no build target for: /Users/maxon462/Desktop/Paradygmaty/lab6/Scala/helloscala/src/main/scala/hello.worksheet.sc
2024.01.06 14:57:30 INFO  time: evaluated worksheet 'hello.worksheet.sc' in 0.94s
2024.01.06 14:57:32 WARN  no build target for: /Users/maxon462/Desktop/Paradygmaty/lab6/Scala/helloscala/src/main/scala/hello.worksheet.sc
2024.01.06 14:57:33 INFO  time: evaluated worksheet 'hello.worksheet.sc' in 0.86s
2024.01.06 14:57:37 WARN  no build target for: /Users/maxon462/Desktop/Paradygmaty/lab6/Scala/helloscala/src/main/scala/hello.worksheet.sc
2024.01.06 14:57:38 INFO  time: evaluated worksheet 'hello.worksheet.sc' in 0.53s
2024.01.06 14:57:52 WARN  no build target for: /Users/maxon462/Desktop/Paradygmaty/lab6/Scala/helloscala/src/main/scala/hello.worksheet.sc
[31merror[39m: Scala/helloscala/src/main/scala/hello.worksheet.sc:27:1: illegal start of simple pattern
val result1 = skipponacciDeclaracci(5, 1)
^^^
2024.01.06 14:57:53 INFO  time: evaluated worksheet 'hello.worksheet.sc' in 0.75s
2024.01.06 14:57:54 WARN  no build target for: /Users/maxon462/Desktop/Paradygmaty/lab6/Scala/helloscala/src/main/scala/hello.worksheet.sc
2024.01.06 14:57:55 INFO  time: evaluated worksheet 'hello.worksheet.sc' in 0.52s
2024.01.06 15:08:31 WARN  no build target for: /Users/maxon462/Desktop/Paradygmaty/lab6/Scala/helloscala/src/main/scala/hello.worksheet.sc
[31merror[39m: Scala/helloscala/src/main/scala/hello.worksheet.sc:11:22: 
Found:    Int
Required: List[Int]
      case (_, 1) => fib(n)
                     ^^^^^^
2024.01.06 15:08:32 INFO  time: evaluated worksheet 'hello.worksheet.sc' in 1.15s
2024.01.06 15:08:44 WARN  no build target for: /Users/maxon462/Desktop/Paradygmaty/lab6/Scala/helloscala/src/main/scala/hello.worksheet.sc
[31merror[39m: Scala/helloscala/src/main/scala/hello.worksheet.sc:11:22: 
None of the overloaded alternatives of method to in class RichInt with types
 (end: Int, step: Int): scala.collection.immutable.Range.Inclusive
 (end: Int): scala.collection.immutable.Range.Inclusive
match expected type List[Int]
      case (_, 1) => fib(n).to
                     ^^^^^^^^^
2024.01.06 15:08:45 INFO  time: evaluated worksheet 'hello.worksheet.sc' in 1.5s
2024.01.06 15:08:46 WARN  no build target for: /Users/maxon462/Desktop/Paradygmaty/lab6/Scala/helloscala/src/main/scala/hello.worksheet.sc
[31merror[39m: Scala/helloscala/src/main/scala/hello.worksheet.sc:11:22: 
None of the overloaded alternatives of method to in class RichInt with types
 (end: Int, step: Int): scala.collection.immutable.Range.Inclusive
 (end: Int): scala.collection.immutable.Range.Inclusive
match expected type List[Int]
      case (_, 1) => fib(n).to
                     ^^^^^^^^^
2024.01.06 15:08:47 INFO  time: evaluated worksheet 'hello.worksheet.sc' in 1.04s
Jan 06, 2024 3:08:50 PM org.eclipse.lsp4j.jsonrpc.RemoteEndpoint handleCancellation
WARNING: Unmatched cancel notification for request id 349
2024.01.06 15:08:54 WARN  no build target for: /Users/maxon462/Desktop/Paradygmaty/lab6/Scala/helloscala/src/main/scala/hello.worksheet.sc
[31merror[39m: Scala/helloscala/src/main/scala/hello.worksheet.sc:11:22: 
Found:    Int
Required: List[Int]
      case (_, 1) => fib(n) 
                     ^^^^^^
2024.01.06 15:08:54 INFO  time: evaluated worksheet 'hello.worksheet.sc' in 0.68s
2024.01.06 15:08:56 WARN  no build target for: /Users/maxon462/Desktop/Paradygmaty/lab6/Scala/helloscala/src/main/scala/hello.worksheet.sc
[31merror[39m: Scala/helloscala/src/main/scala/hello.worksheet.sc:11:29: 
value :: is not a member of Int
      case (_, 1) => fib(n) :: 1
                            ^^^^
2024.01.06 15:08:56 INFO  time: evaluated worksheet 'hello.worksheet.sc' in 0.52s
2024.01.06 15:08:59 WARN  no build target for: /Users/maxon462/Desktop/Paradygmaty/lab6/Scala/helloscala/src/main/scala/hello.worksheet.sc
[31merror[39m: Scala/helloscala/src/main/scala/hello.worksheet.sc:11:31: 
expression expected but end of statement found
      case (_, 1) => fib(n) :: 
                              ^
2024.01.06 15:09:00 INFO  time: evaluated worksheet 'hello.worksheet.sc' in 0.69s
2024.01.06 15:09:04 WARN  no build target for: /Users/maxon462/Desktop/Paradygmaty/lab6/Scala/helloscala/src/main/scala/hello.worksheet.sc
2024.01.06 15:09:05 INFO  time: evaluated worksheet 'hello.worksheet.sc' in 0.99s
2024.01.06 15:09:18 WARN  no build target for: /Users/maxon462/Desktop/Paradygmaty/lab6/Scala/helloscala/src/main/scala/hello.worksheet.sc
[31merror[39m: Scala/helloscala/src/main/scala/hello.worksheet.sc:12:34: } expected but ) found
      case (_, _) => ski2 * n - 1) + fib(2 * n - 2) :: skipponacciHelper(n, m - 1)
                                 ^
2024.01.06 15:09:18 INFO  time: evaluated worksheet 'hello.worksheet.sc' in 0.58s
2024.01.06 15:09:19 WARN  no build target for: /Users/maxon462/Desktop/Paradygmaty/lab6/Scala/helloscala/src/main/scala/hello.worksheet.sc
[31merror[39m: Scala/helloscala/src/main/scala/hello.worksheet.sc:12:45: ; expected but integer constant found
      case (_, _) => skipponacciDeclaracci()2 * n - 1) + fib(2 * n - 2) :: skipponacciHelper(n, m - 1)
                                            ^
2024.01.06 15:09:19 INFO  time: evaluated worksheet 'hello.worksheet.sc' in 0.29s
2024.01.06 15:09:20 WARN  no build target for: /Users/maxon462/Desktop/Paradygmaty/lab6/Scala/helloscala/src/main/scala/hello.worksheet.sc
[31merror[39m: Scala/helloscala/src/main/scala/hello.worksheet.sc:12:22: 
missing argument for parameter m of method skipponacciDeclaracci in class MdocApp: (n: Int, m: Int): List[Int]
      case (_, _) => skipponacciDeclaracci(2 * n - 1) + fib(2 * n - 2) :: skipponacciHelper(n, m - 1)
                     ^^^^^^^^^^^^^^^^^^^^^^^^^^^^^^^^
2024.01.06 15:09:21 INFO  time: evaluated worksheet 'hello.worksheet.sc' in 0.78s
2024.01.06 15:09:25 WARN  no build target for: /Users/maxon462/Desktop/Paradygmaty/lab6/Scala/helloscala/src/main/scala/hello.worksheet.sc
[31merror[39m: Scala/helloscala/src/main/scala/hello.worksheet.sc:12:56: illegal start of simple expression
      case (_, _) => skipponacciDeclaracci(2 * n - 1 , ) + fib(2 * n - 2) :: skipponacciHelper(n, m - 1)
                                                       ^
2024.01.06 15:09:25 INFO  time: evaluated worksheet 'hello.worksheet.sc' in 0.37s
2024.01.06 15:09:27 WARN  no build target for: /Users/maxon462/Desktop/Paradygmaty/lab6/Scala/helloscala/src/main/scala/hello.worksheet.sc
[31merror[39m: Scala/helloscala/src/main/scala/hello.worksheet.sc:12:22: 
value + is not a member of List[Int]
      case (_, _) => skipponacciDeclaracci(2 * n - 1 , m-1) + fib(2 * n - 2) :: skipponacciHelper(n, m - 1)
                     ^^^^^^^^^^^^^^^^^^^^^^^^^^^^^^^^^^^^^^^^
2024.01.06 15:09:27 INFO  time: evaluated worksheet 'hello.worksheet.sc' in 0.75s
2024.01.06 15:09:41 WARN  no build target for: /Users/maxon462/Desktop/Paradygmaty/lab6/Scala/helloscala/src/main/scala/hello.worksheet.sc
[31merror[39m: Scala/helloscala/src/main/scala/hello.worksheet.sc:8:45: = expected but ] found
  def skipponacciHelper(n: Int, m: Int): Int] = {
                                            ^
2024.01.06 15:09:41 INFO  time: evaluated worksheet 'hello.worksheet.sc' in 0.52s
2024.01.06 15:09:43 WARN  no build target for: /Users/maxon462/Desktop/Paradygmaty/lab6/Scala/helloscala/src/main/scala/hello.worksheet.sc
[31merror[39m: Scala/helloscala/src/main/scala/hello.worksheet.sc:10:22: 
Found:    List[Int]
Required: Int
      case (1, 1) => List(fib(1))
                     ^^^^^^^^^^^^
[31merror[39m: Scala/helloscala/src/main/scala/hello.worksheet.sc:11:29: 
value :: is not a member of Int
      case (_, 1) => fib(n) :: skipponacciHelper(n + 1, 1)
                            ^^^^^^^^^^^^^^^^^^^^^^^^^^^^^^
[31merror[39m: Scala/helloscala/src/main/scala/hello.worksheet.sc:12:78: 
value :: is not a member of Int
      case (_, _) => skipponacciDeclaracci(2 * n - 1 , m-1) + fib(2 * n - 2) :: skipponacciHelper(n, m - 1)
                                                                             ^^^^^^^^^^^^^^^^^^^^^^^^^^^^^^
[31merror[39m: Scala/helloscala/src/main/scala/hello.worksheet.sc:12:22: 
value + is not a member of List[Int]
      case (_, _) => skipponacciDeclaracci(2 * n - 1 , m-1) + fib(2 * n - 2) :: skipponacciHelper(n, m - 1)
                     ^^^^^^^^^^^^^^^^^^^^^^^^^^^^^^^^^^^^^^^^
[31merror[39m: Scala/helloscala/src/main/scala/hello.worksheet.sc:16:3: 
value take is not a member of Int
  skipponacciHelper(1, m).take(n)
  ^^^^^^^^^^^^^^^^^^^^^^^^^^^^
2024.01.06 15:09:43 INFO  time: evaluated worksheet 'hello.worksheet.sc' in 0.56s
2024.01.06 15:09:46 WARN  no build target for: /Users/maxon462/Desktop/Paradygmaty/lab6/Scala/helloscala/src/main/scala/hello.worksheet.sc
[31merror[39m: Scala/helloscala/src/main/scala/hello.worksheet.sc:11:7: ) expected but case found
      case (_, 1) => fib(n) :: skipponacciHelper(n + 1, 1)
      ^^^^
2024.01.06 15:09:46 INFO  time: evaluated worksheet 'hello.worksheet.sc' in 0.35s
2024.01.06 15:09:52 WARN  no build target for: /Users/maxon462/Desktop/Paradygmaty/lab6/Scala/helloscala/src/main/scala/hello.worksheet.sc
[31merror[39m: Scala/helloscala/src/main/scala/hello.worksheet.sc:11:29: 
value :: is not a member of Int
      case (_, 1) => fib(n) :: skipponacciHelper(n + 1, 1)
                            ^^^^^^^^^^^^^^^^^^^^^^^^^^^^^^
[31merror[39m: Scala/helloscala/src/main/scala/hello.worksheet.sc:12:78: 
value :: is not a member of Int
      case (_, _) => skipponacciDeclaracci(2 * n - 1 , m-1) + fib(2 * n - 2) :: skipponacciHelper(n, m - 1)
                                                                             ^^^^^^^^^^^^^^^^^^^^^^^^^^^^^^
[31merror[39m: Scala/helloscala/src/main/scala/hello.worksheet.sc:12:22: 
value + is not a member of List[Int]
      case (_, _) => skipponacciDeclaracci(2 * n - 1 , m-1) + fib(2 * n - 2) :: skipponacciHelper(n, m - 1)
                     ^^^^^^^^^^^^^^^^^^^^^^^^^^^^^^^^^^^^^^^^
[31merror[39m: Scala/helloscala/src/main/scala/hello.worksheet.sc:16:3: 
value take is not a member of Int
  skipponacciHelper(1, m).take(n)
  ^^^^^^^^^^^^^^^^^^^^^^^^^^^^
2024.01.06 15:09:52 INFO  time: evaluated worksheet 'hello.worksheet.sc' in 0.49s
2024.01.06 15:09:54 WARN  no build target for: /Users/maxon462/Desktop/Paradygmaty/lab6/Scala/helloscala/src/main/scala/hello.worksheet.sc
[31merror[39m: Scala/helloscala/src/main/scala/hello.worksheet.sc:11:29: 
value :: is not a member of Int
      case (_, 1) => fib(n) :: skipponacciHelper(n + 1, 1)
                            ^^^^^^^^^^^^^^^^^^^^^^^^^^^^^^
[31merror[39m: Scala/helloscala/src/main/scala/hello.worksheet.sc:12:78: 
value :: is not a member of Int
      case (_, _) => skipponacciDeclaracci(2 * n - 1 , m-1) + fib(2 * n - 2) :: skipponacciHelper(n, m - 1)
                                                                             ^^^^^^^^^^^^^^^^^^^^^^^^^^^^^^
[31merror[39m: Scala/helloscala/src/main/scala/hello.worksheet.sc:12:22: 
value + is not a member of List[Int]
      case (_, _) => skipponacciDeclaracci(2 * n - 1 , m-1) + fib(2 * n - 2) :: skipponacciHelper(n, m - 1)
                     ^^^^^^^^^^^^^^^^^^^^^^^^^^^^^^^^^^^^^^^^
[31merror[39m: Scala/helloscala/src/main/scala/hello.worksheet.sc:16:3: 
value take is not a member of Int
  skipponacciHelper(1, m).take(n)
  ^^^^^^^^^^^^^^^^^^^^^^^^^^^^
2024.01.06 15:09:54 INFO  time: evaluated worksheet 'hello.worksheet.sc' in 0.46s
2024.01.06 15:10:00 WARN  no build target for: /Users/maxon462/Desktop/Paradygmaty/lab6/Scala/helloscala/src/main/scala/hello.worksheet.sc
[31merror[39m: Scala/helloscala/src/main/scala/hello.worksheet.sc:12:78: 
value :: is not a member of Int
      case (_, _) => skipponacciDeclaracci(2 * n - 1 , m-1) + fib(2 * n - 2) :: skipponacciHelper(n, m - 1)
                                                                             ^^^^^^^^^^^^^^^^^^^^^^^^^^^^^^
[31merror[39m: Scala/helloscala/src/main/scala/hello.worksheet.sc:12:22: 
value + is not a member of List[Int]
      case (_, _) => skipponacciDeclaracci(2 * n - 1 , m-1) + fib(2 * n - 2) :: skipponacciHelper(n, m - 1)
                     ^^^^^^^^^^^^^^^^^^^^^^^^^^^^^^^^^^^^^^^^
[31merror[39m: Scala/helloscala/src/main/scala/hello.worksheet.sc:16:3: 
value take is not a member of Int
  skipponacciHelper(1, m).take(n)
  ^^^^^^^^^^^^^^^^^^^^^^^^^^^^
2024.01.06 15:10:00 INFO  time: evaluated worksheet 'hello.worksheet.sc' in 0.19s
2024.01.06 15:10:05 WARN  no build target for: /Users/maxon462/Desktop/Paradygmaty/lab6/Scala/helloscala/src/main/scala/hello.worksheet.sc
[31merror[39m: Scala/helloscala/src/main/scala/hello.worksheet.sc:12:22: 
value + is not a member of List[Int]
      case (_, _) => skipponacciDeclaracci(2 * n - 1 , m-1) + fib(2 * n - 2)
                     ^^^^^^^^^^^^^^^^^^^^^^^^^^^^^^^^^^^^^^^^
[31merror[39m: Scala/helloscala/src/main/scala/hello.worksheet.sc:16:3: 
value take is not a member of Int
  skipponacciHelper(1, m).take(n)
  ^^^^^^^^^^^^^^^^^^^^^^^^^^^^
2024.01.06 15:10:06 INFO  time: evaluated worksheet 'hello.worksheet.sc' in 0.24s
2024.01.06 15:10:12 WARN  no build target for: /Users/maxon462/Desktop/Paradygmaty/lab6/Scala/helloscala/src/main/scala/hello.worksheet.sc
[31merror[39m: Scala/helloscala/src/main/scala/hello.worksheet.sc:12:22: 
value + is not a member of List[Int]
      case (_, _) => skipponacciDeclaracci(2 * n - 1 , m-1) + ski
                     ^^^^^^^^^^^^^^^^^^^^^^^^^^^^^^^^^^^^^^^^
[31merror[39m: Scala/helloscala/src/main/scala/hello.worksheet.sc:12:63: 
Not found: ski
      case (_, _) => skipponacciDeclaracci(2 * n - 1 , m-1) + ski
                                                              ^^^
[31merror[39m: Scala/helloscala/src/main/scala/hello.worksheet.sc:16:3: 
value take is not a member of Int
  skipponacciHelper(1, m).take(n)
  ^^^^^^^^^^^^^^^^^^^^^^^^^^^^
2024.01.06 15:10:13 INFO  time: evaluated worksheet 'hello.worksheet.sc' in 0.46s
2024.01.06 15:10:14 WARN  no build target for: /Users/maxon462/Desktop/Paradygmaty/lab6/Scala/helloscala/src/main/scala/hello.worksheet.sc
[31merror[39m: Scala/helloscala/src/main/scala/hello.worksheet.sc:12:22: 
value + is not a member of List[Int]
      case (_, _) => skipponacciDeclaracci(2 * n - 1 , m-1) + skipponacciDeclaracci()
                     ^^^^^^^^^^^^^^^^^^^^^^^^^^^^^^^^^^^^^^^^
[31merror[39m: Scala/helloscala/src/main/scala/hello.worksheet.sc:12:63: 
missing argument for parameter n of method skipponacciDeclaracci in class MdocApp: (n: Int, m: Int): List[Int]
      case (_, _) => skipponacciDeclaracci(2 * n - 1 , m-1) + skipponacciDeclaracci()
                                                              ^^^^^^^^^^^^^^^^^^^^^^^
[31merror[39m: Scala/helloscala/src/main/scala/hello.worksheet.sc:16:3: 
value take is not a member of Int
  skipponacciHelper(1, m).take(n)
  ^^^^^^^^^^^^^^^^^^^^^^^^^^^^
2024.01.06 15:10:14 INFO  time: evaluated worksheet 'hello.worksheet.sc' in 0.35s
2024.01.06 15:10:22 WARN  no build target for: /Users/maxon462/Desktop/Paradygmaty/lab6/Scala/helloscala/src/main/scala/hello.worksheet.sc
[31merror[39m: Scala/helloscala/src/main/scala/hello.worksheet.sc:12:59: 
missing argument for parameter n of method skipponacciDeclaracci in class MdocApp: (n: Int, m: Int): List[Int]
      case (_, _) => skipponacciHelper(2 * n - 1 , m-1) + skipponacciDeclaracci()
                                                          ^^^^^^^^^^^^^^^^^^^^^^^
[31merror[39m: Scala/helloscala/src/main/scala/hello.worksheet.sc:16:3: 
value take is not a member of Int
  skipponacciHelper(1, m).take(n)
  ^^^^^^^^^^^^^^^^^^^^^^^^^^^^
2024.01.06 15:10:22 INFO  time: evaluated worksheet 'hello.worksheet.sc' in 0.71s
2024.01.06 15:10:26 WARN  no build target for: /Users/maxon462/Desktop/Paradygmaty/lab6/Scala/helloscala/src/main/scala/hello.worksheet.sc
[31merror[39m: Scala/helloscala/src/main/scala/hello.worksheet.sc:12:59: 
missing argument for parameter n of method skipponacciHelper: (n: Int, m: Int): Int
      case (_, _) => skipponacciHelper(2 * n - 1 , m-1) + skipponacciHelper()
                                                          ^^^^^^^^^^^^^^^^^^^
[31merror[39m: Scala/helloscala/src/main/scala/hello.worksheet.sc:16:3: 
value take is not a member of Int
  skipponacciHelper(1, m).take(n)
  ^^^^^^^^^^^^^^^^^^^^^^^^^^^^
2024.01.06 15:10:26 INFO  time: evaluated worksheet 'hello.worksheet.sc' in 0.25s
Jan 06, 2024 3:10:28 PM org.eclipse.lsp4j.jsonrpc.RemoteEndpoint handleCancellation
WARNING: Unmatched cancel notification for request id 675
2024.01.06 15:10:30 WARN  no build target for: /Users/maxon462/Desktop/Paradygmaty/lab6/Scala/helloscala/src/main/scala/hello.worksheet.sc
[31merror[39m: Scala/helloscala/src/main/scala/hello.worksheet.sc:12:59: 
missing argument for parameter m of method skipponacciHelper: (n: Int, m: Int): Int
      case (_, _) => skipponacciHelper(2 * n - 1 , m-1) + skipponacciHelper(2 * n )
                                                          ^^^^^^^^^^^^^^^^^^^^^^^^^
[31merror[39m: Scala/helloscala/src/main/scala/hello.worksheet.sc:16:3: 
value take is not a member of Int
  skipponacciHelper(1, m).take(n)
  ^^^^^^^^^^^^^^^^^^^^^^^^^^^^
2024.01.06 15:10:30 INFO  time: evaluated worksheet 'hello.worksheet.sc' in 0.19s
2024.01.06 15:10:33 WARN  no build target for: /Users/maxon462/Desktop/Paradygmaty/lab6/Scala/helloscala/src/main/scala/hello.worksheet.sc
[31merror[39m: Scala/helloscala/src/main/scala/hello.worksheet.sc:16:3: 
value take is not a member of Int
  skipponacciHelper(1, m).take(n)
  ^^^^^^^^^^^^^^^^^^^^^^^^^^^^
2024.01.06 15:10:34 INFO  time: evaluated worksheet 'hello.worksheet.sc' in 0.73s
2024.01.06 15:10:35 WARN  no build target for: /Users/maxon462/Desktop/Paradygmaty/lab6/Scala/helloscala/src/main/scala/hello.worksheet.sc
[31merror[39m: Scala/helloscala/src/main/scala/hello.worksheet.sc:16:3: 
value take is not a member of Int
  skipponacciHelper(1, m).take(n)
  ^^^^^^^^^^^^^^^^^^^^^^^^^^^^
2024.01.06 15:10:35 INFO  time: evaluated worksheet 'hello.worksheet.sc' in 0.44s
2024.01.06 15:10:42 WARN  no build target for: /Users/maxon462/Desktop/Paradygmaty/lab6/Scala/helloscala/src/main/scala/hello.worksheet.sc
[31merror[39m: Scala/helloscala/src/main/scala/hello.worksheet.sc:17:1: illegal start of simple expression
}
^
2024.01.06 15:10:42 INFO  time: evaluated worksheet 'hello.worksheet.sc' in 0.32s
2024.01.06 15:10:58 WARN  no build target for: /Users/maxon462/Desktop/Paradygmaty/lab6/Scala/helloscala/src/main/scala/hello.worksheet.sc
[31merror[39m: Scala/helloscala/src/main/scala/hello.worksheet.sc:1:47: = expected but ] found
def skipponacciDeclaracci(n: Int, m: Int): Int] = {
                                              ^
2024.01.06 15:10:58 INFO  time: evaluated worksheet 'hello.worksheet.sc' in 0.61s
2024.01.06 15:10:59 WARN  no build target for: /Users/maxon462/Desktop/Paradygmaty/lab6/Scala/helloscala/src/main/scala/hello.worksheet.sc
[31merror[39m: Scala/helloscala/src/main/scala/hello.worksheet.sc:17:1: illegal start of simple expression
}
^
2024.01.06 15:11:00 INFO  time: evaluated worksheet 'hello.worksheet.sc' in 0.26s
2024.01.06 15:11:16 WARN  no build target for: /Users/maxon462/Desktop/Paradygmaty/lab6/Scala/helloscala/src/main/scala/hello.worksheet.sc
2024.01.06 15:11:16 INFO  time: evaluated worksheet 'hello.worksheet.sc' in 0.45s
2024.01.06 15:11:34 WARN  no build target for: /Users/maxon462/Desktop/Paradygmaty/lab6/Scala/helloscala/src/main/scala/hello.worksheet.sc
2024.01.06 15:11:34 INFO  time: evaluated worksheet 'hello.worksheet.sc' in 0.35s
2024.01.06 15:11:50 WARN  no build target for: /Users/maxon462/Desktop/Paradygmaty/lab6/Scala/helloscala/src/main/scala/hello.worksheet.sc
2024.01.06 15:11:51 INFO  time: evaluated worksheet 'hello.worksheet.sc' in 0.88s
2024.01.06 15:11:52 WARN  no build target for: /Users/maxon462/Desktop/Paradygmaty/lab6/Scala/helloscala/src/main/scala/hello.worksheet.sc
2024.01.06 15:11:52 INFO  time: evaluated worksheet 'hello.worksheet.sc' in 0.83s
2024.01.06 15:13:26 WARN  no build target for: /Users/maxon462/Desktop/Paradygmaty/lab6/Scala/helloscala/src/main/scala/hello.worksheet.sc
2024.01.06 15:13:27 INFO  time: evaluated worksheet 'hello.worksheet.sc' in 0.7s
2024.01.06 15:13:35 WARN  no build target for: /Users/maxon462/Desktop/Paradygmaty/lab6/Scala/helloscala/src/main/scala/hello.worksheet.sc
2024.01.06 15:13:35 INFO  time: evaluated worksheet 'hello.worksheet.sc' in 0.69s
2024.01.06 15:18:21 WARN  no build target for: /Users/maxon462/Desktop/Paradygmaty/lab6/Scala/helloscala/src/main/scala/hello.worksheet.sc
2024.01.06 15:18:22 INFO  time: evaluated worksheet 'hello.worksheet.sc' in 0.28s
2024.01.06 15:18:27 WARN  no build target for: /Users/maxon462/Desktop/Paradygmaty/lab6/Scala/helloscala/src/main/scala/hello.worksheet.sc
[31merror[39m: Scala/helloscala/src/main/scala/hello.worksheet.sc:12:94: 
expression expected but '}' found
      case (_, _) => skipponacciHelper(2 * n - 1 , m-1) + skipponacciHelper(2 * n , m - 1) :: 
                                                                                             ^
2024.01.06 15:18:27 INFO  time: evaluated worksheet 'hello.worksheet.sc' in 0.17s
2024.01.06 15:19:10 WARN  no build target for: /Users/maxon462/Desktop/Paradygmaty/lab6/Scala/helloscala/src/main/scala/hello.worksheet.sc
2024.01.06 15:19:10 INFO  time: evaluated worksheet 'hello.worksheet.sc' in 0.88s
2024.01.06 15:21:59 WARN  no build target for: /Users/maxon462/Desktop/Paradygmaty/lab6/Scala/helloscala/src/main/scala/hello.worksheet.sc
2024.01.06 15:22:00 INFO  time: evaluated worksheet 'hello.worksheet.sc' in 0.64s
2024.01.06 15:22:09 WARN  no build target for: /Users/maxon462/Desktop/Paradygmaty/lab6/Scala/helloscala/src/main/scala/hello.worksheet.sc
[31merror[39m: Scala/helloscala/src/main/scala/hello.worksheet.sc:15:3: 
value ma is not a member of Int
  n ma
  ^^^^
2024.01.06 15:22:10 INFO  time: evaluated worksheet 'hello.worksheet.sc' in 0.16s
2024.01.06 15:22:11 WARN  no build target for: /Users/maxon462/Desktop/Paradygmaty/lab6/Scala/helloscala/src/main/scala/hello.worksheet.sc
[31merror[39m: Scala/helloscala/src/main/scala/hello.worksheet.sc:17:3: illegal start of simple pattern
  
  ^
2024.01.06 15:22:11 INFO  time: evaluated worksheet 'hello.worksheet.sc' in 0.56s
2024.01.06 15:22:15 WARN  no build target for: /Users/maxon462/Desktop/Paradygmaty/lab6/Scala/helloscala/src/main/scala/hello.worksheet.sc
[31merror[39m: Scala/helloscala/src/main/scala/hello.worksheet.sc:19:1: => expected but } found
}
^
2024.01.06 15:22:16 INFO  time: evaluated worksheet 'hello.worksheet.sc' in 0.62s
2024.01.06 15:22:18 WARN  no build target for: /Users/maxon462/Desktop/Paradygmaty/lab6/Scala/helloscala/src/main/scala/hello.worksheet.sc
[31merror[39m: Scala/helloscala/src/main/scala/hello.worksheet.sc:17:3: illegal start of simple pattern
  }
  ^
2024.01.06 15:22:18 INFO  time: evaluated worksheet 'hello.worksheet.sc' in 0.23s
2024.01.06 15:22:23 WARN  no build target for: /Users/maxon462/Desktop/Paradygmaty/lab6/Scala/helloscala/src/main/scala/hello.worksheet.sc
[31merror[39m: Scala/helloscala/src/main/scala/hello.worksheet.sc:17:3: illegal start of simple pattern
  }
  ^
2024.01.06 15:22:23 INFO  time: evaluated worksheet 'hello.worksheet.sc' in 0.23s
2024.01.06 15:23:39 WARN  no build target for: /Users/maxon462/Desktop/Paradygmaty/lab6/Scala/helloscala/src/main/scala/hello.worksheet.sc
[31merror[39m: Scala/helloscala/src/main/scala/hello.worksheet.sc:17:3: => expected but } found
  }
  ^
2024.01.06 15:23:39 INFO  time: evaluated worksheet 'hello.worksheet.sc' in 0.53s
2024.01.06 15:23:50 WARN  no build target for: /Users/maxon462/Desktop/Paradygmaty/lab6/Scala/helloscala/src/main/scala/hello.worksheet.sc
[31merror[39m: Scala/helloscala/src/main/scala/hello.worksheet.sc:18:3: => expected but } found
  }
  ^
2024.01.06 15:23:50 INFO  time: evaluated worksheet 'hello.worksheet.sc' in 0.2s
2024.01.06 15:23:54 WARN  no build target for: /Users/maxon462/Desktop/Paradygmaty/lab6/Scala/helloscala/src/main/scala/hello.worksheet.sc
[31merror[39m: Scala/helloscala/src/main/scala/hello.worksheet.sc:16:5: = expected but match found
  n match{
    ^^^^^
2024.01.06 15:23:54 INFO  time: evaluated worksheet 'hello.worksheet.sc' in 0.23s
2024.01.06 15:24:00 WARN  no build target for: /Users/maxon462/Desktop/Paradygmaty/lab6/Scala/helloscala/src/main/scala/hello.worksheet.sc
[31merror[39m: Scala/helloscala/src/main/scala/hello.worksheet.sc:16:3: = expected but identifier found
  n match{
  ^
2024.01.06 15:24:00 INFO  time: evaluated worksheet 'hello.worksheet.sc' in 0.52s
2024.01.06 15:24:05 WARN  no build target for: /Users/maxon462/Desktop/Paradygmaty/lab6/Scala/helloscala/src/main/scala/hello.worksheet.sc
[31merror[39m: Scala/helloscala/src/main/scala/hello.worksheet.sc:16:3: = expected but identifier found
  n match{
  ^
2024.01.06 15:24:05 INFO  time: evaluated worksheet 'hello.worksheet.sc' in 0.5s
2024.01.06 15:24:08 WARN  no build target for: /Users/maxon462/Desktop/Paradygmaty/lab6/Scala/helloscala/src/main/scala/hello.worksheet.sc
[31merror[39m: Scala/helloscala/src/main/scala/hello.worksheet.sc:15:25: : expected but ) found
  def skipD(n: Int , acc)
                        ^
2024.01.06 15:24:09 INFO  time: evaluated worksheet 'hello.worksheet.sc' in 0.51s
2024.01.06 15:24:09 WARN  no build target for: /Users/maxon462/Desktop/Paradygmaty/lab6/Scala/helloscala/src/main/scala/hello.worksheet.sc
[31merror[39m: Scala/helloscala/src/main/scala/hello.worksheet.sc:15:24: : expected but ) found
  def skipD(n: Int ,acc)
                       ^
2024.01.06 15:24:09 INFO  time: evaluated worksheet 'hello.worksheet.sc' in 0.18s
2024.01.06 15:24:11 WARN  no build target for: /Users/maxon462/Desktop/Paradygmaty/lab6/Scala/helloscala/src/main/scala/hello.worksheet.sc
[31merror[39m: Scala/helloscala/src/main/scala/hello.worksheet.sc:15:24: : expected but ) found
  def skipD(n: Int, acc)
                       ^
2024.01.06 15:24:11 INFO  time: evaluated worksheet 'hello.worksheet.sc' in 0.26s
2024.01.06 15:24:16 WARN  no build target for: /Users/maxon462/Desktop/Paradygmaty/lab6/Scala/helloscala/src/main/scala/hello.worksheet.sc
[31merror[39m: Scala/helloscala/src/main/scala/hello.worksheet.sc:16:3: = expected but identifier found
  n match{
  ^
2024.01.06 15:24:16 INFO  time: evaluated worksheet 'hello.worksheet.sc' in 0.52s
2024.01.06 15:24:39 WARN  no build target for: /Users/maxon462/Desktop/Paradygmaty/lab6/Scala/helloscala/src/main/scala/hello.worksheet.sc
[31merror[39m: Scala/helloscala/src/main/scala/hello.worksheet.sc:18:3: => expected but } found
  }
  ^
2024.01.06 15:24:40 INFO  time: evaluated worksheet 'hello.worksheet.sc' in 0.53s
2024.01.06 15:24:43 WARN  no build target for: /Users/maxon462/Desktop/Paradygmaty/lab6/Scala/helloscala/src/main/scala/hello.worksheet.sc
[31merror[39m: Scala/helloscala/src/main/scala/hello.worksheet.sc:18:3: => expected but } found
  }
  ^
2024.01.06 15:24:43 INFO  time: evaluated worksheet 'hello.worksheet.sc' in 0.56s
2024.01.06 15:24:44 WARN  no build target for: /Users/maxon462/Desktop/Paradygmaty/lab6/Scala/helloscala/src/main/scala/hello.worksheet.sc
[31merror[39m: Scala/helloscala/src/main/scala/hello.worksheet.sc:18:3: => expected but } found
  }
  ^
2024.01.06 15:24:44 INFO  time: evaluated worksheet 'hello.worksheet.sc' in 0.19s
2024.01.06 15:24:47 WARN  no build target for: /Users/maxon462/Desktop/Paradygmaty/lab6/Scala/helloscala/src/main/scala/hello.worksheet.sc
[31merror[39m: Scala/helloscala/src/main/scala/hello.worksheet.sc:18:3: => expected but } found
  }
  ^
2024.01.06 15:24:48 INFO  time: evaluated worksheet 'hello.worksheet.sc' in 0.81s
2024.01.06 15:24:49 WARN  no build target for: /Users/maxon462/Desktop/Paradygmaty/lab6/Scala/helloscala/src/main/scala/hello.worksheet.sc
[31merror[39m: Scala/helloscala/src/main/scala/hello.worksheet.sc:19:3: => expected but } found
  }
  ^
2024.01.06 15:24:49 INFO  time: evaluated worksheet 'hello.worksheet.sc' in 0.26s
Jan 06, 2024 3:24:52 PM org.eclipse.lsp4j.jsonrpc.RemoteEndpoint handleCancellation
WARNING: Unmatched cancel notification for request id 1207
2024.01.06 15:24:53 WARN  no build target for: /Users/maxon462/Desktop/Paradygmaty/lab6/Scala/helloscala/src/main/scala/hello.worksheet.sc
[31merror[39m: Scala/helloscala/src/main/scala/hello.worksheet.sc:15:51: 
Found:    Unit
Required: List[Int]
  def skipD(n: Int, acc: List[Int]) : List[Int] = { 
                                                  ^
2024.01.06 15:24:54 INFO  time: evaluated worksheet 'hello.worksheet.sc' in 0.23s
2024.01.06 15:24:54 WARN  no build target for: /Users/maxon462/Desktop/Paradygmaty/lab6/Scala/helloscala/src/main/scala/hello.worksheet.sc
[31merror[39m: Scala/helloscala/src/main/scala/hello.worksheet.sc:15:51: 
Found:    Unit
Required: List[Int]
  def skipD(n: Int, acc: List[Int]) : List[Int] = { 
                                                  ^
2024.01.06 15:24:55 INFO  time: evaluated worksheet 'hello.worksheet.sc' in 0.15s
2024.01.06 15:25:45 WARN  no build target for: /Users/maxon462/Desktop/Paradygmaty/lab6/Scala/helloscala/src/main/scala/hello.worksheet.sc
[31merror[39m: Scala/helloscala/src/main/scala/hello.worksheet.sc:16:8: illegal start of simple expression
    if()
       ^
2024.01.06 15:25:46 INFO  time: evaluated worksheet 'hello.worksheet.sc' in 0.89s
2024.01.06 15:25:49 WARN  no build target for: /Users/maxon462/Desktop/Paradygmaty/lab6/Scala/helloscala/src/main/scala/hello.worksheet.sc
[31merror[39m: Scala/helloscala/src/main/scala/hello.worksheet.sc:17:3: illegal start of simple expression
  }
  ^
2024.01.06 15:25:49 INFO  time: evaluated worksheet 'hello.worksheet.sc' in 0.41s
2024.01.06 15:25:50 WARN  no build target for: /Users/maxon462/Desktop/Paradygmaty/lab6/Scala/helloscala/src/main/scala/hello.worksheet.sc
[31merror[39m: Scala/helloscala/src/main/scala/hello.worksheet.sc:17:3: illegal start of simple expression
  }
  ^
2024.01.06 15:25:50 INFO  time: evaluated worksheet 'hello.worksheet.sc' in 0.2s
2024.01.06 15:25:56 WARN  no build target for: /Users/maxon462/Desktop/Paradygmaty/lab6/Scala/helloscala/src/main/scala/hello.worksheet.sc
[31merror[39m: Scala/helloscala/src/main/scala/hello.worksheet.sc:16:20: 
expression expected but '}' found
    if(n!=0) acc :: 
                   ^
2024.01.06 15:25:56 INFO  time: evaluated worksheet 'hello.worksheet.sc' in 0.67s
2024.01.06 15:25:59 WARN  no build target for: /Users/maxon462/Desktop/Paradygmaty/lab6/Scala/helloscala/src/main/scala/hello.worksheet.sc
[31merror[39m: Scala/helloscala/src/main/scala/hello.worksheet.sc:16:21: 
Not found: ski
    if(n!=0) acc :: ski
                    ^^^
2024.01.06 15:25:59 INFO  time: evaluated worksheet 'hello.worksheet.sc' in 0.19s
2024.01.06 15:26:09 WARN  no build target for: /Users/maxon462/Desktop/Paradygmaty/lab6/Scala/helloscala/src/main/scala/hello.worksheet.sc
[31merror[39m: Scala/helloscala/src/main/scala/hello.worksheet.sc:16:21: 
missing argument for parameter n of method skipponacciDeclaracci in class MdocApp: (n: Int, m: Int): Int
    if(n!=0) acc :: skipponacciDeclaracci()
                    ^^^^^^^^^^^^^^^^^^^^^^^
2024.01.06 15:26:09 INFO  time: evaluated worksheet 'hello.worksheet.sc' in 0.47s
2024.01.06 15:26:44 WARN  no build target for: /Users/maxon462/Desktop/Paradygmaty/lab6/Scala/helloscala/src/main/scala/hello.worksheet.sc
[31merror[39m: Scala/helloscala/src/main/scala/hello.worksheet.sc:15:31: identifier expected but : found
  def skipD(n: Int, m: Int acc: List[Int]) : List[Int] = { 
                              ^
2024.01.06 15:26:44 INFO  time: evaluated worksheet 'hello.worksheet.sc' in 0.74s
2024.01.06 15:26:46 WARN  no build target for: /Users/maxon462/Desktop/Paradygmaty/lab6/Scala/helloscala/src/main/scala/hello.worksheet.sc
[31merror[39m: Scala/helloscala/src/main/scala/hello.worksheet.sc:16:21: 
missing argument for parameter n of method skipponacciDeclaracci in class MdocApp: (n: Int, m: Int): Int
    if(n!=0) acc :: skipponacciDeclaracci()
                    ^^^^^^^^^^^^^^^^^^^^^^^
2024.01.06 15:26:46 INFO  time: evaluated worksheet 'hello.worksheet.sc' in 0.37s
2024.01.06 15:26:52 WARN  no build target for: /Users/maxon462/Desktop/Paradygmaty/lab6/Scala/helloscala/src/main/scala/hello.worksheet.sc
[31merror[39m: Scala/helloscala/src/main/scala/hello.worksheet.sc:16:18: 
value :: is not a member of Int
    if(n!=0) acc :: skipponacciDeclaracci(n,m)
                 ^^^^^^^^^^^^^^^^^^^^^^^^^^^^^
2024.01.06 15:26:52 INFO  time: evaluated worksheet 'hello.worksheet.sc' in 0.17s
2024.01.06 15:27:08 WARN  no build target for: /Users/maxon462/Desktop/Paradygmaty/lab6/Scala/helloscala/src/main/scala/hello.worksheet.sc
[31merror[39m: Scala/helloscala/src/main/scala/hello.worksheet.sc:16:21: 
Not found: ListskipponacciDeclaracci
    if(n!=0) acc :: ListskipponacciDeclaracci(n,m)
                    ^^^^^^^^^^^^^^^^^^^^^^^^^
2024.01.06 15:27:09 INFO  time: evaluated worksheet 'hello.worksheet.sc' in 0.86s
2024.01.06 15:27:09 WARN  no build target for: /Users/maxon462/Desktop/Paradygmaty/lab6/Scala/helloscala/src/main/scala/hello.worksheet.sc
[31merror[39m: Scala/helloscala/src/main/scala/hello.worksheet.sc:17:3: ) expected but } found
  }
  ^
2024.01.06 15:27:10 INFO  time: evaluated worksheet 'hello.worksheet.sc' in 0.82s
2024.01.06 15:27:10 INFO  time: code lens generation in 1.94s
2024.01.06 15:27:11 WARN  no build target for: /Users/maxon462/Desktop/Paradygmaty/lab6/Scala/helloscala/src/main/scala/hello.worksheet.sc
[31merror[39m: Scala/helloscala/src/main/scala/hello.worksheet.sc:16:5: 
Found:    Unit
Required: List[Int]
Maybe you are missing an else part for the conditional?
    if(n!=0) acc :: List(skipponacciDeclaracci(n,m))
    ^^^^^^^^^^^^^^^^^^^^^^^^^^^^^^^^^^^^^^^^^^^^^^^^
2024.01.06 15:27:12 INFO  time: evaluated worksheet 'hello.worksheet.sc' in 0.4s
2024.01.06 15:27:23 WARN  no build target for: /Users/maxon462/Desktop/Paradygmaty/lab6/Scala/helloscala/src/main/scala/hello.worksheet.sc
[31merror[39m: Scala/helloscala/src/main/scala/hello.worksheet.sc:16:14: 
Found:    (acc : List[Int])
Required: Int
    if(n!=0) acc :: List(skipponacciDeclaracci(n,m))
             ^^^
2024.01.06 15:27:23 INFO  time: evaluated worksheet 'hello.worksheet.sc' in 0.49s
Jan 06, 2024 3:27:41 PM org.eclipse.lsp4j.jsonrpc.RemoteEndpoint handleCancellation
WARNING: Unmatched cancel notification for request id 1476
2024.01.06 15:27:41 WARN  no build target for: /Users/maxon462/Desktop/Paradygmaty/lab6/Scala/helloscala/src/main/scala/hello.worksheet.scJan 06, 2024 3:27:41 PM org.eclipse.lsp4j.jsonrpc.RemoteEndpoint handleCancellation
WARNING: Unmatched cancel notification for request id 1479

[31merror[39m: Scala/helloscala/src/main/scala/hello.worksheet.sc:16:14: 
Found:    List[Int]
Required: Int
    if(n!=0) List(skipponacciDeclaracci(n,m)) :: List(skipponacciDeclaracci(n,m))
             ^^^^^^^^^^^^^^^^^^^^^^^^^^^^^^^^
2024.01.06 15:27:42 INFO  time: evaluated worksheet 'hello.worksheet.sc' in 1.36s
2024.01.06 15:27:42 INFO  time: code lens generation in 1.5s
2024.01.06 15:27:43 WARN  no build target for: /Users/maxon462/Desktop/Paradygmaty/lab6/Scala/helloscala/src/main/scala/hello.worksheet.sc
[31merror[39m: Scala/helloscala/src/main/scala/hello.worksheet.sc:16:14: 
Found:    List[Int]
Required: Int
    if(n!=0) List(skipponacciDeclaracci(n,m)) :: acc
             ^^^^^^^^^^^^^^^^^^^^^^^^^^^^^^^^
2024.01.06 15:27:43 INFO  time: evaluated worksheet 'hello.worksheet.sc' in 0.48s
2024.01.06 15:27:44 INFO  time: code lens generation in 3.32s
2024.01.06 15:27:44 INFO  time: code lens generation in 1.17s
2024.01.06 15:27:44 INFO  time: code lens generation in 1.77s
2024.01.06 15:27:49 WARN  no build target for: /Users/maxon462/Desktop/Paradygmaty/lab6/Scala/helloscala/src/main/scala/hello.worksheet.sc
[31merror[39m: Scala/helloscala/src/main/scala/hello.worksheet.sc:17:5: ) expected but else found
    else acc
    ^^^^
2024.01.06 15:27:49 INFO  time: evaluated worksheet 'hello.worksheet.sc' in 0.59s
2024.01.06 15:27:52 WARN  no build target for: /Users/maxon462/Desktop/Paradygmaty/lab6/Scala/helloscala/src/main/scala/hello.worksheet.sc
2024.01.06 15:27:53 INFO  time: evaluated worksheet 'hello.worksheet.sc' in 0.85s
2024.01.06 15:28:19 WARN  no build target for: /Users/maxon462/Desktop/Paradygmaty/lab6/Scala/helloscala/src/main/scala/hello.worksheet.sc
[31merror[39m: Scala/helloscala/src/main/scala/hello.worksheet.sc:16:5: 
Found:    Unit
Required: List[Int]
Maybe you are missing an else part for the conditional?
    if(n!=0) skipponacciDeclaracci(n,m) :: acc
    ^^^^^^^^^^^^^^^^^^^^^^^^^^^^^^^^^^^^^^^^^^
2024.01.06 15:28:19 INFO  time: evaluated worksheet 'hello.worksheet.sc' in 0.23s
2024.01.06 15:28:24 WARN  no build target for: /Users/maxon462/Desktop/Paradygmaty/lab6/Scala/helloscala/src/main/scala/hello.worksheet.sc
[31merror[39m: Scala/helloscala/src/main/scala/hello.worksheet.sc:16:13: 
value skipponacciDeclaracci is not a member of Unit
    if(n!=0){} skipponacciDeclaracci(n,m) :: acc
            ^^^^^^^^^^^^^^^^^^^^^^^^
2024.01.06 15:28:24 INFO  time: evaluated worksheet 'hello.worksheet.sc' in 0.46s
2024.01.06 15:28:25 WARN  no build target for: /Users/maxon462/Desktop/Paradygmaty/lab6/Scala/helloscala/src/main/scala/hello.worksheet.sc
[31merror[39m: Scala/helloscala/src/main/scala/hello.worksheet.sc:32:1: } expected but end of file found

^
2024.01.06 15:28:26 INFO  time: evaluated worksheet 'hello.worksheet.sc' in 0.38s
2024.01.06 15:28:30 WARN  no build target for: /Users/maxon462/Desktop/Paradygmaty/lab6/Scala/helloscala/src/main/scala/hello.worksheet.sc
[31merror[39m: Scala/helloscala/src/main/scala/hello.worksheet.sc:33:1: } expected but end of file found

^
2024.01.06 15:28:31 INFO  time: evaluated worksheet 'hello.worksheet.sc' in 0.99s
2024.01.06 15:28:31 WARN  no build target for: /Users/maxon462/Desktop/Paradygmaty/lab6/Scala/helloscala/src/main/scala/hello.worksheet.sc
[31merror[39m: Scala/helloscala/src/main/scala/hello.worksheet.sc:33:1: } expected but end of file found

^
2024.01.06 15:28:31 INFO  time: evaluated worksheet 'hello.worksheet.sc' in 0.43s
2024.01.06 15:28:33 WARN  no build target for: /Users/maxon462/Desktop/Paradygmaty/lab6/Scala/helloscala/src/main/scala/hello.worksheet.sc
[31merror[39m: Scala/helloscala/src/main/scala/hello.worksheet.sc:33:1: } expected but end of file found

^
2024.01.06 15:28:33 INFO  time: evaluated worksheet 'hello.worksheet.sc' in 0.26s
2024.01.06 15:28:36 WARN  no build target for: /Users/maxon462/Desktop/Paradygmaty/lab6/Scala/helloscala/src/main/scala/hello.worksheet.sc
[31merror[39m: Scala/helloscala/src/main/scala/hello.worksheet.sc:33:1: } expected but end of file found

^
2024.01.06 15:28:36 INFO  time: evaluated worksheet 'hello.worksheet.sc' in 0.66s
2024.01.06 15:28:38 WARN  no build target for: /Users/maxon462/Desktop/Paradygmaty/lab6/Scala/helloscala/src/main/scala/hello.worksheet.sc
[31merror[39m: Scala/helloscala/src/main/scala/hello.worksheet.sc:18:19: illegal start of simple expression
       skipD(n, m,)
                  ^
2024.01.06 15:28:38 INFO  time: evaluated worksheet 'hello.worksheet.sc' in 0.23s
2024.01.06 15:28:39 WARN  no build target for: /Users/maxon462/Desktop/Paradygmaty/lab6/Scala/helloscala/src/main/scala/hello.worksheet.sc
[31merror[39m: Scala/helloscala/src/main/scala/hello.worksheet.sc:18:20: illegal start of simple expression
       skipD(n, m, )
                   ^
2024.01.06 15:28:40 INFO  time: evaluated worksheet 'hello.worksheet.sc' in 0.25s
2024.01.06 15:28:41 WARN  no build target for: /Users/maxon462/Desktop/Paradygmaty/lab6/Scala/helloscala/src/main/scala/hello.worksheet.sc
[31merror[39m: Scala/helloscala/src/main/scala/hello.worksheet.sc:33:1: } expected but end of file found

^
2024.01.06 15:28:42 INFO  time: evaluated worksheet 'hello.worksheet.sc' in 0.73s
2024.01.06 15:28:45 WARN  no build target for: /Users/maxon462/Desktop/Paradygmaty/lab6/Scala/helloscala/src/main/scala/hello.worksheet.sc
[31merror[39m: Scala/helloscala/src/main/scala/hello.worksheet.sc:33:1: } expected but end of file found

^
2024.01.06 15:28:45 INFO  time: evaluated worksheet 'hello.worksheet.sc' in 0.43s
2024.01.06 15:28:47 WARN  no build target for: /Users/maxon462/Desktop/Paradygmaty/lab6/Scala/helloscala/src/main/scala/hello.worksheet.sc
[31merror[39m: Scala/helloscala/src/main/scala/hello.worksheet.sc:34:1: } expected but end of file found

^
2024.01.06 15:28:48 INFO  time: evaluated worksheet 'hello.worksheet.sc' in 0.97s
2024.01.06 15:28:48 WARN  no build target for: /Users/maxon462/Desktop/Paradygmaty/lab6/Scala/helloscala/src/main/scala/hello.worksheet.sc
[31merror[39m: Scala/helloscala/src/main/scala/hello.worksheet.sc:16:5: 
Found:    Unit
Required: List[Int]
Maybe you are missing an else part for the conditional?
    if(n!=0){
    ^
2024.01.06 15:28:48 INFO  time: evaluated worksheet 'hello.worksheet.sc' in 0.3s
2024.01.06 15:28:50 WARN  no build target for: /Users/maxon462/Desktop/Paradygmaty/lab6/Scala/helloscala/src/main/scala/hello.worksheet.sc
[31merror[39m: Scala/helloscala/src/main/scala/hello.worksheet.sc:21:3: illegal start of simple expression
  }
  ^
2024.01.06 15:28:50 INFO  time: evaluated worksheet 'hello.worksheet.sc' in 0.18s
2024.01.06 15:28:53 WARN  no build target for: /Users/maxon462/Desktop/Paradygmaty/lab6/Scala/helloscala/src/main/scala/hello.worksheet.sc
2024.01.06 15:28:54 INFO  time: evaluated worksheet 'hello.worksheet.sc' in 0.73s
2024.01.06 15:29:08 WARN  no build target for: /Users/maxon462/Desktop/Paradygmaty/lab6/Scala/helloscala/src/main/scala/hello.worksheet.sc
2024.01.06 15:29:09 INFO  time: evaluated worksheet 'hello.worksheet.sc' in 0.64s
2024.01.06 15:29:16 WARN  no build target for: /Users/maxon462/Desktop/Paradygmaty/lab6/Scala/helloscala/src/main/scala/hello.worksheet.sc
[31merror[39m: Scala/helloscala/src/main/scala/hello.worksheet.sc:22:3: 
missing argument for parameter n of method skipD: (n: Int, m: Int, acc: List[Int]): List[Int]
  skipD()
  ^^^^^^^
2024.01.06 15:29:16 INFO  time: evaluated worksheet 'hello.worksheet.sc' in 0.46s
2024.01.06 15:29:19 WARN  no build target for: /Users/maxon462/Desktop/Paradygmaty/lab6/Scala/helloscala/src/main/scala/hello.worksheet.sc
[31merror[39m: Scala/helloscala/src/main/scala/hello.worksheet.sc:22:3: 
missing argument for parameter m of method skipD: (n: Int, m: Int, acc: List[Int]): List[Int]
  skipD(n)
  ^^^^^^^^
2024.01.06 15:29:19 INFO  time: evaluated worksheet 'hello.worksheet.sc' in 0.14s
2024.01.06 15:29:23 WARN  no build target for: /Users/maxon462/Desktop/Paradygmaty/lab6/Scala/helloscala/src/main/scala/hello.worksheet.sc
[31merror[39m: Scala/helloscala/src/main/scala/hello.worksheet.sc:22:3: 
Found:    List[Int]
Required: Int
  skipD(n, m, Nil)
  ^^^^^^^^^^^^^^^^
2024.01.06 15:29:24 INFO  time: evaluated worksheet 'hello.worksheet.sc' in 0.48s
2024.01.06 15:30:50 WARN  no build target for: /Users/maxon462/Desktop/Paradygmaty/lab6/Scala/helloscala/src/main/scala/hello.worksheet.sc
2024.01.06 15:30:50 WARN  no build target for: /Users/maxon462/Desktop/Paradygmaty/lab6/Scala/helloscala/src/main/scala/hello.worksheet.sc
[31merror[39m: Scala/helloscala/src/main/scala/hello.worksheet.sc:22:3: 
Found:    List[Int]
Required: Int
  skipD(n, m, Nil)
  ^^^^^^^^^^^^^^^^
2024.01.06 15:30:51 INFO  time: evaluated worksheet 'hello.worksheet.sc' in 0.17s
[31merror[39m: Scala/helloscala/src/main/scala/hello.worksheet.sc:22:3: 
Found:    List[Int]
Required: Int
  skipD(n, m, Nil)
  ^^^^^^^^^^^^^^^^
2024.01.06 15:30:51 INFO  time: evaluated worksheet 'hello.worksheet.sc' in 0.22s
2024.01.06 15:32:11 WARN  no build target for: /Users/maxon462/Desktop/Paradygmaty/lab6/Scala/helloscala/src/main/scala/hello.worksheet.sc
2024.01.06 15:32:12 INFO  time: evaluated worksheet 'hello.worksheet.sc' in 0.46s
2024.01.06 15:32:42 WARN  no build target for: /Users/maxon462/Desktop/Paradygmaty/lab6/Scala/helloscala/src/main/scala/hello.worksheet.sc
2024.01.06 15:32:42 INFO  time: evaluated worksheet 'hello.worksheet.sc' in 0.31s
2024.01.06 15:34:02 WARN  no build target for: /Users/maxon462/Desktop/Paradygmaty/lab6/Scala/helloscala/src/main/scala/hello.worksheet.sc
[31merror[39m: Scala/helloscala/src/main/scala/hello.worksheet.sc:4:5: ) expected but else found
    else fib(n - 1) + fib(n - 2)
    ^^^^
2024.01.06 15:34:02 INFO  time: evaluated worksheet 'hello.worksheet.sc' in 0.22s
2024.01.06 15:34:06 ERROR Failed to tokenize input for semantic tokens for /Users/maxon462/Desktop/Paradygmaty/lab6/Scala/helloscala/src/main/scala/hello.worksheet.sc
scala.meta.tokenizers.TokenizeException: <input>:4: error: unclosed quoted identifier
      if (n <2) `1
                ^
	at scala.meta.internal.tokenizers.Reporter.syntaxError(Reporter.scala:23)
	at scala.meta.internal.tokenizers.Reporter.syntaxError$(Reporter.scala:23)
	at scala.meta.internal.tokenizers.Reporter$$anon$1.syntaxError(Reporter.scala:33)
	at scala.meta.internal.tokenizers.Reporter.syntaxError(Reporter.scala:25)
	at scala.meta.internal.tokenizers.Reporter.syntaxError$(Reporter.scala:25)
	at scala.meta.internal.tokenizers.Reporter$$anon$1.syntaxError(Reporter.scala:33)
	at scala.meta.internal.tokenizers.LegacyScanner.getBackquotedIdent(LegacyScanner.scala:489)
	at scala.meta.internal.tokenizers.LegacyScanner.fetchToken(LegacyScanner.scala:337)
	at scala.meta.internal.tokenizers.LegacyScanner.nextToken(LegacyScanner.scala:211)
	at scala.meta.internal.tokenizers.LegacyScanner.foreach(LegacyScanner.scala:1011)
	at scala.meta.internal.tokenizers.ScalametaTokenizer.uncachedTokenize(ScalametaTokenizer.scala:24)
	at scala.meta.internal.tokenizers.ScalametaTokenizer.$anonfun$tokenize$1(ScalametaTokenizer.scala:17)
	at scala.collection.concurrent.TrieMap.getOrElseUpdate(TrieMap.scala:962)
	at scala.meta.internal.tokenizers.ScalametaTokenizer.tokenize(ScalametaTokenizer.scala:17)
	at scala.meta.internal.tokenizers.ScalametaTokenizer$$anon$2.apply(ScalametaTokenizer.scala:332)
	at scala.meta.tokenizers.Api$XtensionTokenizeDialectInput.tokenize(Api.scala:25)
	at scala.meta.tokenizers.Api$XtensionTokenizeInputLike.tokenize(Api.scala:14)
	at scala.meta.internal.metals.SemanticTokensProvider$.getTokens(SemanticTokensProvider.scala:28)
	at scala.meta.internal.metals.SemanticTokensProvider$.provide(SemanticTokensProvider.scala:89)
	at scala.meta.internal.metals.Compilers.$anonfun$semanticTokens$3(Compilers.scala:541)
	at scala.concurrent.impl.Promise$Transformation.run(Promise.scala:467)
	at java.util.concurrent.ThreadPoolExecutor.runWorker(ThreadPoolExecutor.java:1136)
	at java.util.concurrent.ThreadPoolExecutor$Worker.run(ThreadPoolExecutor.java:635)
	at java.lang.Thread.run(Thread.java:833)

2024.01.06 15:34:07 WARN  no build target for: /Users/maxon462/Desktop/Paradygmaty/lab6/Scala/helloscala/src/main/scala/hello.worksheet.sc
2024.01.06 15:34:08 INFO  time: evaluated worksheet 'hello.worksheet.sc' in 0.74s
2024.01.06 15:34:16 WARN  no build target for: /Users/maxon462/Desktop/Paradygmaty/lab6/Scala/helloscala/src/main/scala/hello.worksheet.sc
2024.01.06 15:34:16 INFO  time: evaluated worksheet 'hello.worksheet.sc' in 0.74s
2024.01.06 15:37:58 WARN  no build target for: /Users/maxon462/Desktop/Paradygmaty/lab6/Scala/helloscala/src/main/scala/hello.worksheet.sc
2024.01.06 15:37:58 INFO  time: evaluated worksheet 'hello.worksheet.sc' in 0.76s
2024.01.06 15:38:30 WARN  no build target for: /Users/maxon462/Desktop/Paradygmaty/lab6/Scala/helloscala/src/main/scala/hello.worksheet.sc
2024.01.06 15:38:30 INFO  time: evaluated worksheet 'hello.worksheet.sc' in 0.65s
